app/build/intermediates/manifest_merge_blame_file/debug/manifest-merger-blame-debug-report.txt
1<?xml version="1.0" encoding="utf-8"?>
2<manifest xmlns:android="http://schemas.android.com/apk/res/android"
3    package="com.alanrs.photoeditor"
4    android:versionCode="1"
5    android:versionName="1.0" >
6
7    <uses-sdk
8        android:minSdkVersion="21"
8-->src\main\AndroidManifest.xml
9        android:targetSdkVersion="30" />
9-->src\main\AndroidManifest.xml
10
11    <uses-permission android:name="android.permission.CAMERA" />
11-->src\main\AndroidManifest.xml:6:5-65
11-->src\main\AndroidManifest.xml:6:22-62
12
13    <uses-feature android:name="android.hardware.camera" />
13-->src\main\AndroidManifest.xml:8:5-60
13-->src\main\AndroidManifest.xml:8:19-57
14
15    <uses-permission android:name="android.permission.READ_EXTERNAL_STORAGE" />
15-->src\main\AndroidManifest.xml:9:5-79
15-->src\main\AndroidManifest.xml:9:22-77
16    <uses-permission android:name="android.permission.WRITE_EXTERNAL_STORAGE" />
16-->src\main\AndroidManifest.xml:10:5-11:40
16-->src\main\AndroidManifest.xml:10:22-78
17
18    <application
18-->src\main\AndroidManifest.xml:13:5-43:19
19        android:allowBackup="true"
19-->src\main\AndroidManifest.xml:14:9-35
20        android:appComponentFactory="androidx.core.app.CoreComponentFactory"
20-->[androidx.core:core:1.5.0] AndroidManifest.xml:24:18-86
21        android:debuggable="true"
22        android:icon="@mipmap/ic_launcher"
22-->src\main\AndroidManifest.xml:15:9-43
23        android:label="@string/app_name"
23-->src\main\AndroidManifest.xml:16:9-41
24        android:roundIcon="@mipmap/ic_launcher_round"
24-->src\main\AndroidManifest.xml:17:9-54
25        android:supportsRtl="true"
25-->src\main\AndroidManifest.xml:18:9-35
26        android:theme="@style/Theme.PhotoEditor" >
26-->src\main\AndroidManifest.xml:19:9-49
27        <activity android:name="com.alanrs.photoeditor.EditActivity" />
27-->src\main\AndroidManifest.xml:20:9-59
27-->src\main\AndroidManifest.xml:20:19-47
28        <activity android:name="com.alanrs.photoeditor.MainActivity" >
28-->src\main\AndroidManifest.xml:21:9-27:20
28-->src\main\AndroidManifest.xml:21:19-47
29            <intent-filter>
29-->src\main\AndroidManifest.xml:22:13-26:29
30                <action android:name="android.intent.action.MAIN" />
30-->src\main\AndroidManifest.xml:23:17-69
30-->src\main\AndroidManifest.xml:23:25-66
31
32                <category android:name="android.intent.category.LAUNCHER" />
32-->src\main\AndroidManifest.xml:25:17-77
32-->src\main\AndroidManifest.xml:25:27-74
33            </intent-filter>
34        </activity>
35        <activity
35-->src\main\AndroidManifest.xml:28:9-30:59
36            android:name="com.theartofdev.edmodo.cropper.CropImageActivity"
36-->src\main\AndroidManifest.xml:29:13-76
37            android:theme="@style/Base.Theme.AppCompat" />
37-->src\main\AndroidManifest.xml:30:13-56
38
39        <provider
39-->src\main\AndroidManifest.xml:31:9-42:20
40            android:name="androidx.core.content.FileProvider"
40-->src\main\AndroidManifest.xml:33:13-62
41            android:authorities="com.alanrs.photoeditor.fileprovider"
41-->src\main\AndroidManifest.xml:32:13-70
42            android:exported="false"
42-->src\main\AndroidManifest.xml:34:13-37
43            android:grantUriPermissions="true" >
43-->src\main\AndroidManifest.xml:35:13-47
44            <meta-data
44-->src\main\AndroidManifest.xml:37:13-41:25
45                android:name="android.support.FILE_PROVIDER_PATHS"
45-->src\main\AndroidManifest.xml:37:24-74
46                android:resource="@xml/file_paths" >
46-->src\main\AndroidManifest.xml:38:17-51
47            </meta-data>
48        </provider>
49    </application>
50
51</manifest>